<?xml version="1.0" encoding="UTF-8"?>
<!-- Generated by org.testng.reporters.JUnitXMLReporter -->
<testsuite ignored="2" hostname="DESKTOP-175D9K0" failures="0" tests="2" name="Test" time="16.955" errors="0" timestamp="2024-05-23T18:00:18 IST">
  <testcase classname="testCases.TC_001_SC_Login" name="Login" time="9.593"/>
  <testcase classname="testCases.TC_002_SC_OfferRideStep1" name="Offerride" time="7.176"/>
  <testcase classname="testBase.BaseClass" name="@AfterSuite close" time="0.0">
    <ignored/>
  </testcase> <!-- @AfterSuite close -->
  <testcase classname="testBase.BaseClass" name="@BeforeSuite setup" time="0.0">
    <ignored/>
  </testcase> <!-- @BeforeSuite setup -->
</testsuite> <!-- Test -->
