<?xml version="1.0" encoding="UTF-8"?>
<testng-results ignored="0" total="2" passed="2" failed="0" skipped="0">
  <reporter-output>
  </reporter-output>
  <suite started-at="2024-05-23T18:00:01 IST" name="Suite" finished-at="2024-05-23T18:00:18 IST" duration-ms="16955">
    <groups>
    </groups>
    <test started-at="2024-05-23T18:00:01 IST" name="Test" finished-at="2024-05-23T18:00:18 IST" duration-ms="16955">
      <class name="testCases.TC_001_SC_Login">
        <test-method is-config="true" signature="setup()[pri:0, instance:testCases.TC_001_SC_Login@53fb3dab]" started-at="2024-05-23T17:59:50 IST" name="setup" finished-at="2024-05-23T18:00:01 IST" duration-ms="10952" status="PASS">
          <reporter-output>
          </reporter-output>
        </test-method> <!-- setup -->
        <test-method signature="Login()[pri:0, instance:testCases.TC_001_SC_Login@53fb3dab]" started-at="2024-05-23T18:00:01 IST" name="Login" finished-at="2024-05-23T18:00:11 IST" duration-ms="9593" status="PASS">
          <reporter-output>
          </reporter-output>
        </test-method> <!-- Login -->
        <test-method is-config="true" signature="close()[pri:0, instance:testCases.TC_001_SC_Login@53fb3dab]" started-at="2024-05-23T18:00:18 IST" name="close" finished-at="2024-05-23T18:00:19 IST" duration-ms="460" status="PASS">
          <reporter-output>
          </reporter-output>
        </test-method> <!-- close -->
      </class> <!-- testCases.TC_001_SC_Login -->
      <class name="testCases.TC_002_SC_OfferRideStep1">
        <test-method signature="Offerride()[pri:0, instance:testCases.TC_002_SC_OfferRideStep1@17f9d882]" started-at="2024-05-23T18:00:11 IST" name="Offerride" finished-at="2024-05-23T18:00:18 IST" duration-ms="7176" status="PASS">
          <reporter-output>
          </reporter-output>
        </test-method> <!-- Offerride -->
      </class> <!-- testCases.TC_002_SC_OfferRideStep1 -->
    </test> <!-- Test -->
  </suite> <!-- Suite -->
</testng-results>
